c:\users\user\desktop\기초코딩 수업 자료\consoleshooting-suwom-cpp-\x64\debug\vc143.pdb
c:\users\user\desktop\기초코딩 수업 자료\consoleshooting-suwom-cpp-\x64\debug\vc143.idb
c:\users\user\desktop\기초코딩 수업 자료\consoleshooting-suwom-cpp-\x64\debug\player.obj
c:\users\user\desktop\기초코딩 수업 자료\consoleshooting-suwom-cpp-\x64\debug\main.obj
c:\users\user\desktop\기초코딩 수업 자료\consoleshooting-suwom-cpp-\x64\debug\gamemng.obj
c:\users\user\desktop\기초코딩 수업 자료\consoleshooting-suwom-cpp-\x64\debug\consoleframework.obj
c:\users\user\desktop\기초코딩 수업 자료\consoleshooting-suwom-cpp-\x64\debug\bullet.obj
c:\users\user\desktop\기초코딩 수업 자료\consoleshooting-suwom-cpp-\x64\debug\unit.obj
c:\users\user\desktop\기초코딩 수업 자료\consoleshooting-suwom-cpp-\x64\debug\enemy.obj
c:\users\user\desktop\기초코딩 수업 자료\consoleshooting-suwom-cpp-\x64\debug\effect.obj
c:\users\user\desktop\기초코딩 수업 자료\consoleshooting-suwom-cpp-\x64\debug\text.obj
c:\users\user\desktop\기초코딩 수업 자료\consoleshooting-suwom-cpp-\x64\debug\menustate.obj
c:\users\user\desktop\기초코딩 수업 자료\consoleshooting-suwom-cpp-\x64\debug\gamestate.obj
c:\users\user\desktop\기초코딩 수업 자료\consoleshooting-suwom-cpp-\x64\debug\statectrl.obj
c:\users\user\desktop\기초코딩 수업 자료\consoleshooting-suwom-cpp-\x64\debug\state.obj
c:\users\user\desktop\기초코딩 수업 자료\consoleshooting-suwom-cpp-\x64\debug\consoleshooting.exe
c:\users\user\desktop\기초코딩 수업 자료\consoleshooting-suwom-cpp-\x64\debug\consoleshooting.ilk
c:\users\user\desktop\기초코딩 수업 자료\consoleshooting-suwom-cpp-\x64\debug\consoleshooting.pdb
c:\users\user\desktop\기초코딩 수업 자료\consoleshooting-suwom-cpp-\x64\debug\consoleshooting.tlog\cl.command.1.tlog
c:\users\user\desktop\기초코딩 수업 자료\consoleshooting-suwom-cpp-\x64\debug\consoleshooting.tlog\cl.items.tlog
c:\users\user\desktop\기초코딩 수업 자료\consoleshooting-suwom-cpp-\x64\debug\consoleshooting.tlog\cl.read.1.tlog
c:\users\user\desktop\기초코딩 수업 자료\consoleshooting-suwom-cpp-\x64\debug\consoleshooting.tlog\cl.write.1.tlog
c:\users\user\desktop\기초코딩 수업 자료\consoleshooting-suwom-cpp-\x64\debug\consoleshooting.tlog\link.command.1.tlog
c:\users\user\desktop\기초코딩 수업 자료\consoleshooting-suwom-cpp-\x64\debug\consoleshooting.tlog\link.read.1.tlog
c:\users\user\desktop\기초코딩 수업 자료\consoleshooting-suwom-cpp-\x64\debug\consoleshooting.tlog\link.write.1.tlog
